GROUP,PACKAGE,CLASS,INSTRUCTION_MISSED,INSTRUCTION_COVERED,BRANCH_MISSED,BRANCH_COVERED,LINE_MISSED,LINE_COVERED,COMPLEXITY_MISSED,COMPLEXITY_COVERED,METHOD_MISSED,METHOD_COVERED
lab07,hello,EqSearch,8,15,0,0,4,6,2,3,2,3
lab07,hello,GithubOrgMembershipService,200,0,10,0,44,0,9,0,4,0
lab07,hello,AuthControllerAdvice,46,0,6,0,9,0,10,0,7,0
lab07,hello,Application,5,53,0,0,2,17,1,2,1,2
lab07,hello,EarthquakeQueryService,106,0,0,0,24,0,2,0,2,0
lab07,hello,MembershipService,30,0,10,0,8,0,7,0,2,0
lab07,hello,WebController,55,7,0,0,13,3,5,3,5,3
